the value in the middle is: 0.497415 and this suppose to close to 0.5 when n goes big! 
 
 A 

0.000000 0.999939 0.999908 0.999878 0.999847 0.999817 0.999786 0.999756 
0.999725 0.999695 0.999664 0.999634 0.999603 0.999573 0.999542 0.999512 
0.999481 0.999451 0.999420 0.999390 0.999359 0.999329 0.999298 0.999268 
0.999237 0.999207 0.999176 0.999146 0.999115 0.999084 0.999054 0.999023 
0.998993 0.998962 0.998932 0.998901 0.998871 0.998840 0.998810 0.998779 
0.998749 0.998718 0.998688 0.998657 0.998627 0.998596 0.998566 0.998535 
0.998505 0.998474 0.998444 0.998413 0.998383 0.998352 0.998322 0.998291 
0.998260 0.998230 0.998199 0.998169 0.998138 0.998108 0.998077 0.998047 
0.998016 0.997986 0.997955 0.997925 0.997894 0.997864 0.997833 0.997803 
0.997772 0.997742 0.997711 0.997681 0.997650 0.997620 0.997589 0.997559 
0.997528 0.997498 0.997467 0.997437 0.997406 0.997375 0.997345 0.997314 
0.997284 0.997253 0.997223 0.997192 0.997162 0.997131 0.997101 0.997070 
0.997040 0.997009 0.996979 0.996948 0.996918 0.996887 0.996857 0.996826 
0.996796 0.996765 0.996735 0.996704 0.996674 0.996643 0.996613 0.996582 
0.996552 0.996521 0.996490 0.996460 0.996429 0.996399 0.996368 0.996338 
0.996307 0.996277 0.996246 0.996216 0.996185 0.996155 0.996124 0.000000 
0.499908 0.499847 0.499786 0.499725 0.499664 0.499603 0.499542 0.499481 
0.499420 0.499359 0.499298 0.499237 0.499176 0.499115 0.499054 0.498993 
0.498932 0.498871 0.498810 0.498750 0.498689 0.498628 0.498567 0.498506 
0.498445 0.498384 0.498323 0.498262 0.498201 0.498140 0.498079 0.498018 
0.497957 0.497896 0.497836 0.497775 0.497714 0.497653 0.497592 0.497531 
0.497470 0.497409 0.497348 0.497288 0.497227 0.497166 0.497105 0.497044 
0.496983 0.496922 0.496862 0.496801 0.496740 0.496679 0.496618 0.496557 
0.496497 0.496436 0.496375 0.496314 0.496253 0.496193 0.000000 0.249832 
0.249710 0.249588 0.249466 0.249344 0.249223 0.249101 0.248979 0.248857 
0.248735 0.248614 0.248492 0.248371 0.248249 0.248127 0.248006 0.247885 
0.247763 0.247642 0.247520 0.247399 0.247278 0.247157 0.247036 0.246914 
0.246793 0.246672 0.246551 0.246430 0.246309 0.000000 0.124672 0.124429 
0.124185 0.123942 0.123700 0.123457 0.123215 0.122974 0.122732 0.122491 
0.122250 0.122010 0.121770 0.121530 0.000000 0.061850 0.061366 0.060884 
0.060406 0.059929 0.059456 0.000000 0.029963 0.029022 0.000000 0.000000 
0.000000 0.000000 0.000000 0.000000 0.000000 0.000000 0.000000  
 B 

-1.999939 -1.999939 -1.999939 -1.999939 -1.999939 -1.999939 -1.999939 -1.999939 
-1.999939 -1.999939 -1.999939 -1.999939 -1.999939 -1.999939 -1.999939 -1.999939 
-1.999939 -1.999939 -1.999939 -1.999939 -1.999939 -1.999939 -1.999939 -1.999939 
-1.999939 -1.999939 -1.999939 -1.999939 -1.999939 -1.999939 -1.999939 -1.999939 
-1.999939 -1.999939 -1.999939 -1.999939 -1.999939 -1.999939 -1.999939 -1.999939 
-1.999939 -1.999939 -1.999939 -1.999939 -1.999939 -1.999939 -1.999939 -1.999939 
-1.999939 -1.999939 -1.999939 -1.999939 -1.999939 -1.999939 -1.999939 -1.999939 
-1.999939 -1.999939 -1.999939 -1.999939 -1.999939 -1.999939 -1.999939 -1.999939 
-1.999939 -1.999939 -1.999939 -1.999939 -1.999939 -1.999939 -1.999939 -1.999939 
-1.999939 -1.999939 -1.999939 -1.999939 -1.999939 -1.999939 -1.999939 -1.999939 
-1.999939 -1.999939 -1.999939 -1.999939 -1.999939 -1.999939 -1.999939 -1.999939 
-1.999939 -1.999939 -1.999939 -1.999939 -1.999939 -1.999939 -1.999939 -1.999939 
-1.999939 -1.999939 -1.999939 -1.999939 -1.999939 -1.999939 -1.999939 -1.999939 
-1.999939 -1.999939 -1.999939 -1.999939 -1.999939 -1.999939 -1.999939 -1.999939 
-1.999939 -1.999939 -1.999939 -1.999939 -1.999939 -1.999939 -1.999939 -1.999939 
-1.999939 -1.999939 -1.999939 -1.999939 -1.999939 -1.999939 -1.999939 -0.999939 
-0.999939 -0.999939 -0.999939 -0.999939 -0.999939 -0.999939 -0.999939 -0.999939 
-0.999939 -0.999939 -0.999940 -0.999940 -0.999940 -0.999940 -0.999940 -0.999940 
-0.999940 -0.999940 -0.999940 -0.999941 -0.999941 -0.999941 -0.999941 -0.999941 
-0.999941 -0.999942 -0.999942 -0.999942 -0.999942 -0.999943 -0.999943 -0.999943 
-0.999943 -0.999943 -0.999944 -0.999944 -0.999944 -0.999945 -0.999945 -0.999945 
-0.999945 -0.999946 -0.999946 -0.999946 -0.999947 -0.999947 -0.999948 -0.999948 
-0.999948 -0.999949 -0.999949 -0.999949 -0.999950 -0.999950 -0.999951 -0.999951 
-0.999951 -0.999952 -0.999952 -0.999953 -0.999953 -0.999954 -0.499908 -0.499909 
-0.499909 -0.499909 -0.499909 -0.499910 -0.499910 -0.499911 -0.499912 -0.499912 
-0.499913 -0.499914 -0.499915 -0.499916 -0.499917 -0.499918 -0.499919 -0.499920 
-0.499922 -0.499923 -0.499925 -0.499927 -0.499928 -0.499930 -0.499932 -0.499934 
-0.499936 -0.499938 -0.499940 -0.499942 -0.499944 -0.249832 -0.249833 -0.249835 
-0.249837 -0.249840 -0.249844 -0.249848 -0.249852 -0.249857 -0.249863 -0.249870 
-0.249877 -0.249885 -0.249894 -0.249903 -0.124675 -0.124682 -0.124695 -0.124713 
-0.124735 -0.124763 -0.124796 -0.061869 -0.061930 -0.062032 -0.030118 0.000000 
0.000000 0.000000 0.000000 0.000000 0.000000 0.000000 0.000000  
 C 

1.000031 1.000061 1.000092 1.000122 1.000153 1.000183 1.000214 1.000244 
1.000275 1.000305 1.000336 1.000366 1.000397 1.000427 1.000458 1.000488 
1.000519 1.000549 1.000580 1.000610 1.000641 1.000671 1.000702 1.000732 
1.000763 1.000793 1.000824 1.000854 1.000885 1.000916 1.000946 1.000977 
1.001007 1.001038 1.001068 1.001099 1.001129 1.001160 1.001190 1.001221 
1.001251 1.001282 1.001312 1.001343 1.001373 1.001404 1.001434 1.001465 
1.001495 1.001526 1.001556 1.001587 1.001617 1.001648 1.001678 1.001709 
1.001740 1.001770 1.001801 1.001831 1.001862 1.001892 1.001923 1.001953 
1.001984 1.002014 1.002045 1.002075 1.002106 1.002136 1.002167 1.002197 
1.002228 1.002258 1.002289 1.002319 1.002350 1.002380 1.002411 1.002441 
1.002472 1.002502 1.002533 1.002563 1.002594 1.002625 1.002655 1.002686 
1.002716 1.002747 1.002777 1.002808 1.002838 1.002869 1.002899 1.002930 
1.002960 1.002991 1.003021 1.003052 1.003082 1.003113 1.003143 1.003174 
1.003204 1.003235 1.003265 1.003296 1.003326 1.003357 1.003387 1.003418 
1.003448 1.003479 1.003510 1.003540 1.003571 1.003601 1.003632 1.003662 
1.003693 1.003723 1.003754 1.003784 1.003815 1.003845 0.000000 0.500092 
0.500153 0.500214 0.500275 0.500336 0.500397 0.500458 0.500519 0.500580 
0.500641 0.500702 0.500763 0.500824 0.500885 0.500946 0.501008 0.501069 
0.501130 0.501191 0.501252 0.501313 0.501374 0.501435 0.501496 0.501558 
0.501619 0.501680 0.501741 0.501802 0.501863 0.501925 0.501986 0.502047 
0.502108 0.502169 0.502230 0.502291 0.502353 0.502414 0.502475 0.502536 
0.502597 0.502659 0.502720 0.502781 0.502842 0.502903 0.502965 0.503026 
0.503087 0.503148 0.503210 0.503271 0.503332 0.503393 0.503455 0.503516 
0.503577 0.503638 0.503699 0.503761 0.503822 0.000000 0.250198 0.250321 
0.250443 0.250565 0.250687 0.250810 0.250932 0.251054 0.251177 0.251299 
0.251422 0.251544 0.251667 0.251789 0.251912 0.252035 0.252157 0.252280 
0.252403 0.252526 0.252649 0.252771 0.252894 0.253017 0.253140 0.253263 
0.253387 0.253510 0.253633 0.253756 0.000000 0.125405 0.125650 0.125895 
0.126140 0.126386 0.126632 0.126879 0.127125 0.127372 0.127620 0.127867 
0.128115 0.128364 0.128612 0.000000 0.063316 0.063810 0.064307 0.064806 
0.065308 0.065812 0.000000 0.032908 0.033930 0.000000 0.000000 0.000000 
0.000000 0.000000 0.000000 0.000000 0.000000 0.000000 0.000000  
 D 

0.000001 0.000002 0.000003 0.000004 0.000005 0.000006 0.000007 0.000008 
0.000009 0.000010 0.000010 0.000011 0.000012 0.000013 0.000014 0.000015 
0.000016 0.000017 0.000018 0.000019 0.000020 0.000021 0.000022 0.000023 
0.000024 0.000025 0.000026 0.000027 0.000028 0.000029 0.000030 0.000031 
0.000031 0.000032 0.000033 0.000034 0.000035 0.000036 0.000037 0.000038 
0.000039 0.000040 0.000041 0.000042 0.000043 0.000044 0.000045 0.000046 
0.000047 0.000048 0.000049 0.000050 0.000051 0.000051 0.000052 0.000053 
0.000054 0.000055 0.000056 0.000057 0.000058 0.000059 0.000060 0.000061 
0.000062 0.000063 0.000064 0.000065 0.000066 0.000067 0.000068 0.000069 
0.000070 0.000071 0.000072 0.000072 0.000073 0.000074 0.000075 0.000076 
0.000077 0.000078 0.000079 0.000080 0.000081 0.000082 0.000083 0.000084 
0.000085 0.000086 0.000087 0.000088 0.000089 0.000090 0.000091 0.000092 
0.000093 0.000093 0.000094 0.000095 0.000096 0.000097 0.000098 0.000099 
0.000100 0.000101 0.000102 0.000103 0.000104 0.000105 0.000106 0.000107 
0.000108 0.000109 0.000110 0.000111 0.000112 0.000113 0.000113 0.000114 
0.000115 0.000116 0.000117 0.000118 0.000119 0.000120 -0.999665 0.000004 
0.000008 0.000011 0.000015 0.000019 0.000023 0.000027 0.000031 0.000034 
0.000038 0.000042 0.000046 0.000050 0.000053 0.000057 0.000061 0.000065 
0.000069 0.000072 0.000076 0.000080 0.000084 0.000088 0.000092 0.000095 
0.000099 0.000103 0.000107 0.000111 0.000114 0.000118 0.000122 0.000126 
0.000130 0.000134 0.000137 0.000141 0.000145 0.000149 0.000153 0.000156 
0.000160 0.000164 0.000168 0.000172 0.000175 0.000179 0.000183 0.000187 
0.000191 0.000195 0.000198 0.000202 0.000206 0.000210 0.000214 0.000217 
0.000221 0.000225 0.000229 0.000233 0.000237 -0.501590 0.000015 0.000031 
0.000046 0.000061 0.000076 0.000092 0.000107 0.000122 0.000137 0.000153 
0.000168 0.000183 0.000198 0.000214 0.000229 0.000244 0.000259 0.000275 
0.000290 0.000305 0.000320 0.000336 0.000351 0.000366 0.000382 0.000397 
0.000412 0.000427 0.000443 0.000458 -0.252372 0.000061 0.000122 0.000183 
0.000244 0.000305 0.000366 0.000428 0.000489 0.000550 0.000611 0.000672 
0.000733 0.000794 0.000855 -0.127420 0.000245 0.000490 0.000734 0.000979 
0.001224 0.001469 -0.064335 0.000987 0.001974 -0.031870 -0.014981 0.000000 
0.000000 0.000000 0.000000 0.000000 0.000000 0.000000 0.000000 
 the following are the solutions.
0.000000 0.007769 0.015537 0.023306 0.031074 0.038843 0.046612 0.054380 
0.062149 0.069918 0.077687 0.085456 0.093225 0.100993 0.108763 0.116532 
0.124301 0.132070 0.139840 0.147609 0.155379 0.163148 0.170918 0.178688 
0.186458 0.194228 0.201999 0.209769 0.217540 0.225311 0.233081 0.240852 
0.248624 0.256395 0.264167 0.271938 0.279710 0.287483 0.295255 0.303027 
0.310800 0.318573 0.326346 0.334120 0.341893 0.349667 0.357441 0.365215 
0.372989 0.380764 0.388539 0.396314 0.404090 0.411865 0.419641 0.427417 
0.435194 0.442970 0.450747 0.458525 0.466302 0.474080 0.481858 0.489636 
0.497415 0.505194 0.512973 0.520753 0.528533 0.536313 0.544093 0.551874 
0.559655 0.567437 0.575218 0.583000 0.590782 0.598565 0.606348 0.614131 
0.621914 0.629698 0.637482 0.645267 0.653052 0.660837 0.668622 0.676408 
0.684194 0.691981 0.699767 0.707555 0.715342 0.723130 0.730918 0.738707 
0.746496 0.754285 0.762075 0.769864 0.777655 0.785445 0.793236 0.801028 
0.808820 0.816612 0.824404 0.832197 0.839990 0.847783 0.855577 0.863371 
0.871166 0.878961 0.886756 0.894551 0.902347 0.910143 0.917940 0.925737 
0.933534 0.941332 0.949130 0.956928 0.964727 0.972526 0.980326 0.988126 
0.000000 
 time used to calculate this is :0.214116 seconds 
