the value in the middle is: 0.499456 and this suppose to close to 0.5 when n goes big! 
 
 A 

0.000000 0.999996 0.999994 0.999992 0.999990 0.999989 0.999987 0.999985 
0.999983 0.999981 0.999979 0.999977 0.999975 0.999973 0.999971 0.999969 
0.999968 0.999966 0.999964 0.999962 0.999960 0.999958 0.999956 0.999954 
0.999952 0.999950 0.999949 0.999947 0.999945 0.999943 0.999941 0.999939 
0.999937 0.999935 0.999933 0.999931 0.999929 0.999928 0.999926 0.999924 
0.999922 0.999920 0.999918 0.999916 0.999914 0.999912 0.999910 0.999908 
0.999907 0.999905 0.999903 0.999901 0.999899 0.999897 0.999895 0.999893 
0.999891 0.999889 0.999887 0.999886 0.999884 0.999882 0.999880 0.999878 
0.999876 0.999874 0.999872 0.999870 0.999868 0.999866 0.999865 0.999863 
0.999861 0.999859 0.999857 0.999855 0.999853 0.999851 0.999849 0.999847 
0.999846 0.999844 0.999842 0.999840 0.999838 0.999836 0.999834 0.999832 
0.999830 0.999828 0.999826 0.999825 0.999823 0.999821 0.999819 0.999817 
0.999815 0.999813 0.999811 0.999809 0.999807 0.999805 0.999804 0.999802 
0.999800 0.999798 0.999796 0.999794 0.999792 0.999790 0.999788 0.999786 
0.999784 0.999783 0.999781 0.999779 0.999777 0.999775 0.999773 0.999771 
0.999769 0.999767 0.999765 0.999763 0.999762 0.999760 0.999758 0.999756 
0.999754 0.999752 0.999750 0.999748 0.999746 0.999744 0.999743 0.999741 
0.999739 0.999737 0.999735 0.999733 0.999731 0.999729 0.999727 0.999725 
0.999723 0.999722 0.999720 0.999718 0.999716 0.999714 0.999712 0.999710 
0.999708 0.999706 0.999704 0.999702 0.999701 0.999699 0.999697 0.999695 
0.999693 0.999691 0.999689 0.999687 0.999685 0.999683 0.999681 0.999680 
0.999678 0.999676 0.999674 0.999672 0.999670 0.999668 0.999666 0.999664 
0.999662 0.999660 0.999659 0.999657 0.999655 0.999653 0.999651 0.999649 
0.999647 0.999645 0.999643 0.999641 0.999640 0.999638 0.999636 0.999634 
0.999632 0.999630 0.999628 0.999626 0.999624 0.999622 0.999620 0.999619 
0.999617 0.999615 0.999613 0.999611 0.999609 0.999607 0.999605 0.999603 
0.999601 0.999599 0.999598 0.999596 0.999594 0.999592 0.999590 0.999588 
0.999586 0.999584 0.999582 0.999580 0.999578 0.999577 0.999575 0.999573 
0.999571 0.999569 0.999567 0.999565 0.999563 0.999561 0.999559 0.999557 
0.999556 0.999554 0.999552 0.999550 0.999548 0.999546 0.999544 0.999542 
0.999540 0.999538 0.999537 0.999535 0.999533 0.999531 0.999529 0.999527 
0.999525 0.999523 0.999521 0.999519 0.999517 0.999516 0.999514 0.999512 
0.999510 0.999508 0.999506 0.999504 0.999502 0.999500 0.999498 0.999496 
0.999495 0.999493 0.999491 0.999489 0.999487 0.999485 0.999483 0.999481 
0.999479 0.999477 0.999475 0.999474 0.999472 0.999470 0.999468 0.999466 
0.999464 0.999462 0.999460 0.999458 0.999456 0.999454 0.999453 0.999451 
0.999449 0.999447 0.999445 0.999443 0.999441 0.999439 0.999437 0.999435 
0.999434 0.999432 0.999430 0.999428 0.999426 0.999424 0.999422 0.999420 
0.999418 0.999416 0.999414 0.999413 0.999411 0.999409 0.999407 0.999405 
0.999403 0.999401 0.999399 0.999397 0.999395 0.999393 0.999392 0.999390 
0.999388 0.999386 0.999384 0.999382 0.999380 0.999378 0.999376 0.999374 
0.999372 0.999371 0.999369 0.999367 0.999365 0.999363 0.999361 0.999359 
0.999357 0.999355 0.999353 0.999352 0.999350 0.999348 0.999346 0.999344 
0.999342 0.999340 0.999338 0.999336 0.999334 0.999332 0.999331 0.999329 
0.999327 0.999325 0.999323 0.999321 0.999319 0.999317 0.999315 0.999313 
0.999311 0.999310 0.999308 0.999306 0.999304 0.999302 0.999300 0.999298 
0.999296 0.999294 0.999292 0.999290 0.999289 0.999287 0.999285 0.999283 
0.999281 0.999279 0.999277 0.999275 0.999273 0.999271 0.999269 0.999268 
0.999266 0.999264 0.999262 0.999260 0.999258 0.999256 0.999254 0.999252 
0.999250 0.999249 0.999247 0.999245 0.999243 0.999241 0.999239 0.999237 
0.999235 0.999233 0.999231 0.999229 0.999228 0.999226 0.999224 0.999222 
0.999220 0.999218 0.999216 0.999214 0.999212 0.999210 0.999208 0.999207 
0.999205 0.999203 0.999201 0.999199 0.999197 0.999195 0.999193 0.999191 
0.999189 0.999187 0.999186 0.999184 0.999182 0.999180 0.999178 0.999176 
0.999174 0.999172 0.999170 0.999168 0.999166 0.999165 0.999163 0.999161 
0.999159 0.999157 0.999155 0.999153 0.999151 0.999149 0.999147 0.999146 
0.999144 0.999142 0.999140 0.999138 0.999136 0.999134 0.999132 0.999130 
0.999128 0.999126 0.999125 0.999123 0.999121 0.999119 0.999117 0.999115 
0.999113 0.999111 0.999109 0.999107 0.999105 0.999104 0.999102 0.999100 
0.999098 0.999096 0.999094 0.999092 0.999090 0.999088 0.999086 0.999084 
0.999083 0.999081 0.999079 0.999077 0.999075 0.999073 0.999071 0.999069 
0.999067 0.999065 0.999063 0.999062 0.999060 0.999058 0.999056 0.999054 
0.999052 0.999050 0.999048 0.999046 0.999044 0.999043 0.999041 0.999039 
0.999037 0.999035 0.999033 0.999031 0.999029 0.999027 0.999025 0.000000 
0.499994 0.499990 0.499987 0.499983 0.499979 0.499975 0.499971 0.499968 
0.499964 0.499960 0.499956 0.499952 0.499949 0.499945 0.499941 0.499937 
0.499933 0.499929 0.499926 0.499922 0.499918 0.499914 0.499910 0.499907 
0.499903 0.499899 0.499895 0.499891 0.499887 0.499884 0.499880 0.499876 
0.499872 0.499868 0.499865 0.499861 0.499857 0.499853 0.499849 0.499846 
0.499842 0.499838 0.499834 0.499830 0.499826 0.499823 0.499819 0.499815 
0.499811 0.499807 0.499804 0.499800 0.499796 0.499792 0.499788 0.499784 
0.499781 0.499777 0.499773 0.499769 0.499765 0.499762 0.499758 0.499754 
0.499750 0.499746 0.499743 0.499739 0.499735 0.499731 0.499727 0.499723 
0.499720 0.499716 0.499712 0.499708 0.499704 0.499701 0.499697 0.499693 
0.499689 0.499685 0.499682 0.499678 0.499674 0.499670 0.499666 0.499662 
0.499659 0.499655 0.499651 0.499647 0.499643 0.499640 0.499636 0.499632 
0.499628 0.499624 0.499620 0.499617 0.499613 0.499609 0.499605 0.499601 
0.499598 0.499594 0.499590 0.499586 0.499582 0.499579 0.499575 0.499571 
0.499567 0.499563 0.499559 0.499556 0.499552 0.499548 0.499544 0.499540 
0.499537 0.499533 0.499529 0.499525 0.499521 0.499518 0.499514 0.499510 
0.499506 0.499502 0.499498 0.499495 0.499491 0.499487 0.499483 0.499479 
0.499476 0.499472 0.499468 0.499464 0.499460 0.499457 0.499453 0.499449 
0.499445 0.499441 0.499437 0.499434 0.499430 0.499426 0.499422 0.499418 
0.499415 0.499411 0.499407 0.499403 0.499399 0.499396 0.499392 0.499388 
0.499384 0.499380 0.499377 0.499373 0.499369 0.499365 0.499361 0.499357 
0.499354 0.499350 0.499346 0.499342 0.499338 0.499335 0.499331 0.499327 
0.499323 0.499319 0.499316 0.499312 0.499308 0.499304 0.499300 0.499296 
0.499293 0.499289 0.499285 0.499281 0.499277 0.499274 0.499270 0.499266 
0.499262 0.499258 0.499254 0.499251 0.499247 0.499243 0.499239 0.499235 
0.499232 0.499228 0.499224 0.499220 0.499216 0.499213 0.499209 0.499205 
0.499201 0.499197 0.499194 0.499190 0.499186 0.499182 0.499178 0.499174 
0.499171 0.499167 0.499163 0.499159 0.499155 0.499152 0.499148 0.499144 
0.499140 0.499136 0.499133 0.499129 0.499125 0.499121 0.499117 0.499113 
0.499110 0.499106 0.499102 0.499098 0.499094 0.499091 0.499087 0.499083 
0.499079 0.499075 0.499072 0.499068 0.499064 0.499060 0.499056 0.499052 
0.499049 0.499045 0.499041 0.499037 0.499033 0.499030 0.000000 0.249990 
0.249982 0.249974 0.249967 0.249959 0.249951 0.249944 0.249936 0.249928 
0.249921 0.249913 0.249906 0.249898 0.249890 0.249883 0.249875 0.249867 
0.249860 0.249852 0.249845 0.249837 0.249829 0.249822 0.249814 0.249806 
0.249799 0.249791 0.249784 0.249776 0.249768 0.249761 0.249753 0.249745 
0.249738 0.249730 0.249723 0.249715 0.249707 0.249700 0.249692 0.249684 
0.249677 0.249669 0.249662 0.249654 0.249646 0.249639 0.249631 0.249623 
0.249616 0.249608 0.249601 0.249593 0.249585 0.249578 0.249570 0.249562 
0.249555 0.249547 0.249540 0.249532 0.249524 0.249517 0.249509 0.249502 
0.249494 0.249486 0.249479 0.249471 0.249463 0.249456 0.249448 0.249441 
0.249433 0.249425 0.249418 0.249410 0.249403 0.249395 0.249387 0.249380 
0.249372 0.249364 0.249357 0.249349 0.249342 0.249334 0.249326 0.249319 
0.249311 0.249303 0.249296 0.249288 0.249281 0.249273 0.249265 0.249258 
0.249250 0.249243 0.249235 0.249227 0.249220 0.249212 0.249204 0.249197 
0.249189 0.249182 0.249174 0.249166 0.249159 0.249151 0.249144 0.249136 
0.249128 0.249121 0.249113 0.249106 0.249098 0.249090 0.249083 0.249075 
0.249067 0.249060 0.249052 0.249045 0.249037 0.000000 0.124979 0.124964 
0.124949 0.124934 0.124918 0.124903 0.124888 0.124873 0.124857 0.124842 
0.124827 0.124812 0.124797 0.124781 0.124766 0.124751 0.124736 0.124720 
0.124705 0.124690 0.124675 0.124659 0.124644 0.124629 0.124614 0.124598 
0.124583 0.124568 0.124553 0.124538 0.124522 0.124507 0.124492 0.124477 
0.124461 0.124446 0.124431 0.124416 0.124401 0.124385 0.124370 0.124355 
0.124340 0.124325 0.124309 0.124294 0.124279 0.124264 0.124249 0.124233 
0.124218 0.124203 0.124188 0.124173 0.124157 0.124142 0.124127 0.124112 
0.124097 0.124081 0.124066 0.124051 0.000000 0.062459 0.062429 0.062398 
0.062368 0.062337 0.062307 0.062276 0.062246 0.062216 0.062185 0.062155 
0.062124 0.062094 0.062063 0.062033 0.062003 0.061972 0.061942 0.061912 
0.061881 0.061851 0.061821 0.061791 0.061760 0.061730 0.061700 0.061669 
0.061639 0.061609 0.061579 0.000000 0.031169 0.031108 0.031047 0.030986 
0.030926 0.030865 0.030804 0.030744 0.030684 0.030623 0.030563 0.030503 
0.030443 0.030383 0.000000 0.015463 0.015342 0.015221 0.015102 0.014983 
0.014864 0.000000 0.007491 0.007256 0.000000 0.000000 0.000000 0.000000 
0.000000 0.000000 0.000000 0.000000 0.000000 0.000000 0.000000  
 B 

-1.999996 -1.999996 -1.999996 -1.999996 -1.999996 -1.999996 -1.999996 -1.999996 
-1.999996 -1.999996 -1.999996 -1.999996 -1.999996 -1.999996 -1.999996 -1.999996 
-1.999996 -1.999996 -1.999996 -1.999996 -1.999996 -1.999996 -1.999996 -1.999996 
-1.999996 -1.999996 -1.999996 -1.999996 -1.999996 -1.999996 -1.999996 -1.999996 
-1.999996 -1.999996 -1.999996 -1.999996 -1.999996 -1.999996 -1.999996 -1.999996 
-1.999996 -1.999996 -1.999996 -1.999996 -1.999996 -1.999996 -1.999996 -1.999996 
-1.999996 -1.999996 -1.999996 -1.999996 -1.999996 -1.999996 -1.999996 -1.999996 
-1.999996 -1.999996 -1.999996 -1.999996 -1.999996 -1.999996 -1.999996 -1.999996 
-1.999996 -1.999996 -1.999996 -1.999996 -1.999996 -1.999996 -1.999996 -1.999996 
-1.999996 -1.999996 -1.999996 -1.999996 -1.999996 -1.999996 -1.999996 -1.999996 
-1.999996 -1.999996 -1.999996 -1.999996 -1.999996 -1.999996 -1.999996 -1.999996 
-1.999996 -1.999996 -1.999996 -1.999996 -1.999996 -1.999996 -1.999996 -1.999996 
-1.999996 -1.999996 -1.999996 -1.999996 -1.999996 -1.999996 -1.999996 -1.999996 
-1.999996 -1.999996 -1.999996 -1.999996 -1.999996 -1.999996 -1.999996 -1.999996 
-1.999996 -1.999996 -1.999996 -1.999996 -1.999996 -1.999996 -1.999996 -1.999996 
-1.999996 -1.999996 -1.999996 -1.999996 -1.999996 -1.999996 -1.999996 -1.999996 
-1.999996 -1.999996 -1.999996 -1.999996 -1.999996 -1.999996 -1.999996 -1.999996 
-1.999996 -1.999996 -1.999996 -1.999996 -1.999996 -1.999996 -1.999996 -1.999996 
-1.999996 -1.999996 -1.999996 -1.999996 -1.999996 -1.999996 -1.999996 -1.999996 
-1.999996 -1.999996 -1.999996 -1.999996 -1.999996 -1.999996 -1.999996 -1.999996 
-1.999996 -1.999996 -1.999996 -1.999996 -1.999996 -1.999996 -1.999996 -1.999996 
-1.999996 -1.999996 -1.999996 -1.999996 -1.999996 -1.999996 -1.999996 -1.999996 
-1.999996 -1.999996 -1.999996 -1.999996 -1.999996 -1.999996 -1.999996 -1.999996 
-1.999996 -1.999996 -1.999996 -1.999996 -1.999996 -1.999996 -1.999996 -1.999996 
-1.999996 -1.999996 -1.999996 -1.999996 -1.999996 -1.999996 -1.999996 -1.999996 
-1.999996 -1.999996 -1.999996 -1.999996 -1.999996 -1.999996 -1.999996 -1.999996 
-1.999996 -1.999996 -1.999996 -1.999996 -1.999996 -1.999996 -1.999996 -1.999996 
-1.999996 -1.999996 -1.999996 -1.999996 -1.999996 -1.999996 -1.999996 -1.999996 
-1.999996 -1.999996 -1.999996 -1.999996 -1.999996 -1.999996 -1.999996 -1.999996 
-1.999996 -1.999996 -1.999996 -1.999996 -1.999996 -1.999996 -1.999996 -1.999996 
-1.999996 -1.999996 -1.999996 -1.999996 -1.999996 -1.999996 -1.999996 -1.999996 
-1.999996 -1.999996 -1.999996 -1.999996 -1.999996 -1.999996 -1.999996 -1.999996 
-1.999996 -1.999996 -1.999996 -1.999996 -1.999996 -1.999996 -1.999996 -1.999996 
-1.999996 -1.999996 -1.999996 -1.999996 -1.999996 -1.999996 -1.999996 -1.999996 
-1.999996 -1.999996 -1.999996 -1.999996 -1.999996 -1.999996 -1.999996 -1.999996 
-1.999996 -1.999996 -1.999996 -1.999996 -1.999996 -1.999996 -1.999996 -1.999996 
-1.999996 -1.999996 -1.999996 -1.999996 -1.999996 -1.999996 -1.999996 -1.999996 
-1.999996 -1.999996 -1.999996 -1.999996 -1.999996 -1.999996 -1.999996 -1.999996 
-1.999996 -1.999996 -1.999996 -1.999996 -1.999996 -1.999996 -1.999996 -1.999996 
-1.999996 -1.999996 -1.999996 -1.999996 -1.999996 -1.999996 -1.999996 -1.999996 
-1.999996 -1.999996 -1.999996 -1.999996 -1.999996 -1.999996 -1.999996 -1.999996 
-1.999996 -1.999996 -1.999996 -1.999996 -1.999996 -1.999996 -1.999996 -1.999996 
-1.999996 -1.999996 -1.999996 -1.999996 -1.999996 -1.999996 -1.999996 -1.999996 
-1.999996 -1.999996 -1.999996 -1.999996 -1.999996 -1.999996 -1.999996 -1.999996 
-1.999996 -1.999996 -1.999996 -1.999996 -1.999996 -1.999996 -1.999996 -1.999996 
-1.999996 -1.999996 -1.999996 -1.999996 -1.999996 -1.999996 -1.999996 -1.999996 
-1.999996 -1.999996 -1.999996 -1.999996 -1.999996 -1.999996 -1.999996 -1.999996 
-1.999996 -1.999996 -1.999996 -1.999996 -1.999996 -1.999996 -1.999996 -1.999996 
-1.999996 -1.999996 -1.999996 -1.999996 -1.999996 -1.999996 -1.999996 -1.999996 
-1.999996 -1.999996 -1.999996 -1.999996 -1.999996 -1.999996 -1.999996 -1.999996 
-1.999996 -1.999996 -1.999996 -1.999996 -1.999996 -1.999996 -1.999996 -1.999996 
-1.999996 -1.999996 -1.999996 -1.999996 -1.999996 -1.999996 -1.999996 -1.999996 
-1.999996 -1.999996 -1.999996 -1.999996 -1.999996 -1.999996 -1.999996 -1.999996 
-1.999996 -1.999996 -1.999996 -1.999996 -1.999996 -1.999996 -1.999996 -1.999996 
-1.999996 -1.999996 -1.999996 -1.999996 -1.999996 -1.999996 -1.999996 -1.999996 
-1.999996 -1.999996 -1.999996 -1.999996 -1.999996 -1.999996 -1.999996 -1.999996 
-1.999996 -1.999996 -1.999996 -1.999996 -1.999996 -1.999996 -1.999996 -1.999996 
-1.999996 -1.999996 -1.999996 -1.999996 -1.999996 -1.999996 -1.999996 -1.999996 
-1.999996 -1.999996 -1.999996 -1.999996 -1.999996 -1.999996 -1.999996 -1.999996 
-1.999996 -1.999996 -1.999996 -1.999996 -1.999996 -1.999996 -1.999996 -1.999996 
-1.999996 -1.999996 -1.999996 -1.999996 -1.999996 -1.999996 -1.999996 -1.999996 
-1.999996 -1.999996 -1.999996 -1.999996 -1.999996 -1.999996 -1.999996 -1.999996 
-1.999996 -1.999996 -1.999996 -1.999996 -1.999996 -1.999996 -1.999996 -1.999996 
-1.999996 -1.999996 -1.999996 -1.999996 -1.999996 -1.999996 -1.999996 -0.999996 
-0.999996 -0.999996 -0.999996 -0.999996 -0.999996 -0.999996 -0.999996 -0.999996 
-0.999996 -0.999996 -0.999996 -0.999996 -0.999996 -0.999996 -0.999996 -0.999996 
-0.999996 -0.999996 -0.999996 -0.999996 -0.999996 -0.999996 -0.999996 -0.999996 
-0.999996 -0.999996 -0.999996 -0.999996 -0.999996 -0.999996 -0.999996 -0.999996 
-0.999996 -0.999996 -0.999996 -0.999996 -0.999996 -0.999996 -0.999996 -0.999996 
-0.999996 -0.999996 -0.999996 -0.999996 -0.999996 -0.999996 -0.999996 -0.999996 
-0.999996 -0.999996 -0.999996 -0.999996 -0.999996 -0.999996 -0.999996 -0.999996 
-0.999996 -0.999996 -0.999996 -0.999996 -0.999996 -0.999996 -0.999996 -0.999996 
-0.999996 -0.999996 -0.999996 -0.999996 -0.999996 -0.999996 -0.999996 -0.999996 
-0.999996 -0.999996 -0.999996 -0.999996 -0.999996 -0.999996 -0.999996 -0.999996 
-0.999996 -0.999996 -0.999996 -0.999996 -0.999996 -0.999996 -0.999996 -0.999996 
-0.999996 -0.999996 -0.999996 -0.999996 -0.999996 -0.999996 -0.999996 -0.999996 
-0.999996 -0.999996 -0.999996 -0.999996 -0.999996 -0.999996 -0.999996 -0.999996 
-0.999996 -0.999996 -0.999996 -0.999996 -0.999996 -0.999996 -0.999996 -0.999996 
-0.999996 -0.999996 -0.999996 -0.999996 -0.999996 -0.999996 -0.999996 -0.999996 
-0.999996 -0.999996 -0.999996 -0.999996 -0.999996 -0.999996 -0.999996 -0.999996 
-0.999996 -0.999996 -0.999996 -0.999996 -0.999996 -0.999996 -0.999996 -0.999996 
-0.999996 -0.999996 -0.999996 -0.999996 -0.999996 -0.999996 -0.999996 -0.999996 
-0.999996 -0.999996 -0.999996 -0.999996 -0.999996 -0.999996 -0.999996 -0.999996 
-0.999996 -0.999996 -0.999996 -0.999996 -0.999997 -0.999997 -0.999997 -0.999997 
-0.999997 -0.999997 -0.999997 -0.999997 -0.999997 -0.999997 -0.999997 -0.999997 
-0.999997 -0.999997 -0.999997 -0.999997 -0.999997 -0.999997 -0.999997 -0.999997 
-0.999997 -0.999997 -0.999997 -0.999997 -0.999997 -0.999997 -0.999997 -0.999997 
-0.999997 -0.999997 -0.999997 -0.999997 -0.999997 -0.999997 -0.999997 -0.999997 
-0.999997 -0.999997 -0.999997 -0.999997 -0.999997 -0.999997 -0.999997 -0.999997 
-0.999997 -0.999997 -0.999997 -0.999997 -0.999997 -0.999997 -0.999997 -0.999997 
-0.999997 -0.999997 -0.999997 -0.999997 -0.999997 -0.999997 -0.999997 -0.999997 
-0.999997 -0.999997 -0.999997 -0.999997 -0.999997 -0.999997 -0.999997 -0.999997 
-0.999997 -0.999997 -0.999997 -0.999997 -0.999997 -0.999997 -0.999997 -0.999997 
-0.999997 -0.999997 -0.999997 -0.999997 -0.999997 -0.999997 -0.999997 -0.999997 
-0.999997 -0.999997 -0.999997 -0.999997 -0.999997 -0.999997 -0.999997 -0.999997 
-0.999997 -0.999997 -0.999997 -0.999997 -0.999997 -0.999997 -0.499994 -0.499994 
-0.499994 -0.499994 -0.499994 -0.499994 -0.499994 -0.499994 -0.499994 -0.499994 
-0.499994 -0.499994 -0.499994 -0.499994 -0.499994 -0.499994 -0.499994 -0.499994 
-0.499994 -0.499994 -0.499994 -0.499994 -0.499994 -0.499994 -0.499994 -0.499994 
-0.499994 -0.499994 -0.499994 -0.499994 -0.499994 -0.499994 -0.499994 -0.499994 
-0.499994 -0.499994 -0.499994 -0.499994 -0.499994 -0.499994 -0.499994 -0.499994 
-0.499994 -0.499994 -0.499994 -0.499995 -0.499995 -0.499995 -0.499995 -0.499995 
-0.499995 -0.499995 -0.499995 -0.499995 -0.499995 -0.499995 -0.499995 -0.499995 
-0.499995 -0.499995 -0.499995 -0.499995 -0.499995 -0.499995 -0.499995 -0.499995 
-0.499995 -0.499995 -0.499995 -0.499995 -0.499995 -0.499995 -0.499995 -0.499995 
-0.499995 -0.499995 -0.499995 -0.499995 -0.499995 -0.499995 -0.499995 -0.499995 
-0.499995 -0.499995 -0.499995 -0.499995 -0.499995 -0.499995 -0.499995 -0.499995 
-0.499995 -0.499995 -0.499995 -0.499995 -0.499995 -0.499996 -0.499996 -0.499996 
-0.499996 -0.499996 -0.499996 -0.499996 -0.499996 -0.499996 -0.499996 -0.499996 
-0.499996 -0.499996 -0.499996 -0.499996 -0.499996 -0.499996 -0.499996 -0.499996 
-0.499996 -0.499996 -0.499996 -0.499996 -0.499996 -0.499996 -0.499996 -0.499996 
-0.499996 -0.499997 -0.499997 -0.499997 -0.499997 -0.249990 -0.249990 -0.249990 
-0.249990 -0.249990 -0.249990 -0.249990 -0.249990 -0.249990 -0.249990 -0.249990 
-0.249990 -0.249990 -0.249990 -0.249990 -0.249990 -0.249990 -0.249990 -0.249990 
-0.249990 -0.249990 -0.249990 -0.249990 -0.249990 -0.249990 -0.249990 -0.249990 
-0.249991 -0.249991 -0.249991 -0.249991 -0.249991 -0.249991 -0.249991 -0.249991 
-0.249991 -0.249991 -0.249991 -0.249991 -0.249992 -0.249992 -0.249992 -0.249992 
-0.249992 -0.249992 -0.249992 -0.249992 -0.249992 -0.249992 -0.249992 -0.249993 
-0.249993 -0.249993 -0.249993 -0.249993 -0.249993 -0.249993 -0.249994 -0.249994 
-0.249994 -0.249994 -0.249994 -0.249994 -0.124980 -0.124980 -0.124980 -0.124980 
-0.124980 -0.124980 -0.124980 -0.124980 -0.124980 -0.124980 -0.124980 -0.124981 
-0.124981 -0.124982 -0.124982 -0.124982 -0.124982 -0.124983 -0.124983 -0.124984 
-0.124984 -0.124984 -0.124985 -0.124985 -0.124985 -0.124986 -0.124987 -0.124987 
-0.124988 -0.124988 -0.124989 -0.062459 -0.062459 -0.062460 -0.062460 -0.062461 
-0.062462 -0.062463 -0.062464 -0.062465 -0.062467 -0.062469 -0.062470 -0.062473 
-0.062475 -0.062477 -0.031169 -0.031170 -0.031174 -0.031179 -0.031184 -0.031191 
-0.031200 -0.015466 -0.015483 -0.015508 -0.007529 0.000000 0.000000 0.000000 
0.000000 0.000000 0.000000 0.000000 0.000000 0.000000 0.000000  
 C 

1.000002 1.000004 1.000006 1.000008 1.000010 1.000011 1.000013 1.000015 
1.000017 1.000019 1.000021 1.000023 1.000025 1.000027 1.000029 1.000031 
1.000032 1.000034 1.000036 1.000038 1.000040 1.000042 1.000044 1.000046 
1.000048 1.000050 1.000051 1.000053 1.000055 1.000057 1.000059 1.000061 
1.000063 1.000065 1.000067 1.000069 1.000071 1.000072 1.000074 1.000076 
1.000078 1.000080 1.000082 1.000084 1.000086 1.000088 1.000090 1.000092 
1.000093 1.000095 1.000097 1.000099 1.000101 1.000103 1.000105 1.000107 
1.000109 1.000111 1.000113 1.000114 1.000116 1.000118 1.000120 1.000122 
1.000124 1.000126 1.000128 1.000130 1.000132 1.000134 1.000135 1.000137 
1.000139 1.000141 1.000143 1.000145 1.000147 1.000149 1.000151 1.000153 
1.000154 1.000156 1.000158 1.000160 1.000162 1.000164 1.000166 1.000168 
1.000170 1.000172 1.000174 1.000175 1.000177 1.000179 1.000181 1.000183 
1.000185 1.000187 1.000189 1.000191 1.000193 1.000195 1.000196 1.000198 
1.000200 1.000202 1.000204 1.000206 1.000208 1.000210 1.000212 1.000214 
1.000216 1.000217 1.000219 1.000221 1.000223 1.000225 1.000227 1.000229 
1.000231 1.000233 1.000235 1.000237 1.000238 1.000240 1.000242 1.000244 
1.000246 1.000248 1.000250 1.000252 1.000254 1.000256 1.000257 1.000259 
1.000261 1.000263 1.000265 1.000267 1.000269 1.000271 1.000273 1.000275 
1.000277 1.000278 1.000280 1.000282 1.000284 1.000286 1.000288 1.000290 
1.000292 1.000294 1.000296 1.000298 1.000299 1.000301 1.000303 1.000305 
1.000307 1.000309 1.000311 1.000313 1.000315 1.000317 1.000319 1.000320 
1.000322 1.000324 1.000326 1.000328 1.000330 1.000332 1.000334 1.000336 
1.000338 1.000340 1.000341 1.000343 1.000345 1.000347 1.000349 1.000351 
1.000353 1.000355 1.000357 1.000359 1.000360 1.000362 1.000364 1.000366 
1.000368 1.000370 1.000372 1.000374 1.000376 1.000378 1.000380 1.000381 
1.000383 1.000385 1.000387 1.000389 1.000391 1.000393 1.000395 1.000397 
1.000399 1.000401 1.000402 1.000404 1.000406 1.000408 1.000410 1.000412 
1.000414 1.000416 1.000418 1.000420 1.000422 1.000423 1.000425 1.000427 
1.000429 1.000431 1.000433 1.000435 1.000437 1.000439 1.000441 1.000443 
1.000444 1.000446 1.000448 1.000450 1.000452 1.000454 1.000456 1.000458 
1.000460 1.000462 1.000463 1.000465 1.000467 1.000469 1.000471 1.000473 
1.000475 1.000477 1.000479 1.000481 1.000483 1.000484 1.000486 1.000488 
1.000490 1.000492 1.000494 1.000496 1.000498 1.000500 1.000502 1.000504 
1.000505 1.000507 1.000509 1.000511 1.000513 1.000515 1.000517 1.000519 
1.000521 1.000523 1.000525 1.000526 1.000528 1.000530 1.000532 1.000534 
1.000536 1.000538 1.000540 1.000542 1.000544 1.000546 1.000547 1.000549 
1.000551 1.000553 1.000555 1.000557 1.000559 1.000561 1.000563 1.000565 
1.000566 1.000568 1.000570 1.000572 1.000574 1.000576 1.000578 1.000580 
1.000582 1.000584 1.000586 1.000587 1.000589 1.000591 1.000593 1.000595 
1.000597 1.000599 1.000601 1.000603 1.000605 1.000607 1.000608 1.000610 
1.000612 1.000614 1.000616 1.000618 1.000620 1.000622 1.000624 1.000626 
1.000628 1.000629 1.000631 1.000633 1.000635 1.000637 1.000639 1.000641 
1.000643 1.000645 1.000647 1.000648 1.000650 1.000652 1.000654 1.000656 
1.000658 1.000660 1.000662 1.000664 1.000666 1.000668 1.000669 1.000671 
1.000673 1.000675 1.000677 1.000679 1.000681 1.000683 1.000685 1.000687 
1.000689 1.000690 1.000692 1.000694 1.000696 1.000698 1.000700 1.000702 
1.000704 1.000706 1.000708 1.000710 1.000711 1.000713 1.000715 1.000717 
1.000719 1.000721 1.000723 1.000725 1.000727 1.000729 1.000731 1.000732 
1.000734 1.000736 1.000738 1.000740 1.000742 1.000744 1.000746 1.000748 
1.000750 1.000751 1.000753 1.000755 1.000757 1.000759 1.000761 1.000763 
1.000765 1.000767 1.000769 1.000771 1.000772 1.000774 1.000776 1.000778 
1.000780 1.000782 1.000784 1.000786 1.000788 1.000790 1.000792 1.000793 
1.000795 1.000797 1.000799 1.000801 1.000803 1.000805 1.000807 1.000809 
1.000811 1.000813 1.000814 1.000816 1.000818 1.000820 1.000822 1.000824 
1.000826 1.000828 1.000830 1.000832 1.000834 1.000835 1.000837 1.000839 
1.000841 1.000843 1.000845 1.000847 1.000849 1.000851 1.000853 1.000854 
1.000856 1.000858 1.000860 1.000862 1.000864 1.000866 1.000868 1.000870 
1.000872 1.000874 1.000875 1.000877 1.000879 1.000881 1.000883 1.000885 
1.000887 1.000889 1.000891 1.000893 1.000895 1.000896 1.000898 1.000900 
1.000902 1.000904 1.000906 1.000908 1.000910 1.000912 1.000914 1.000916 
1.000917 1.000919 1.000921 1.000923 1.000925 1.000927 1.000929 1.000931 
1.000933 1.000935 1.000937 1.000938 1.000940 1.000942 1.000944 1.000946 
1.000948 1.000950 1.000952 1.000954 1.000956 1.000957 1.000959 1.000961 
1.000963 1.000965 1.000967 1.000969 1.000971 1.000973 0.000000 0.500006 
0.500010 0.500013 0.500017 0.500021 0.500025 0.500029 0.500032 0.500036 
0.500040 0.500044 0.500048 0.500051 0.500055 0.500059 0.500063 0.500067 
0.500071 0.500074 0.500078 0.500082 0.500086 0.500090 0.500093 0.500097 
0.500101 0.500105 0.500109 0.500113 0.500116 0.500120 0.500124 0.500128 
0.500132 0.500135 0.500139 0.500143 0.500147 0.500151 0.500154 0.500158 
0.500162 0.500166 0.500170 0.500174 0.500177 0.500181 0.500185 0.500189 
0.500193 0.500196 0.500200 0.500204 0.500208 0.500212 0.500216 0.500219 
0.500223 0.500227 0.500231 0.500235 0.500238 0.500242 0.500246 0.500250 
0.500254 0.500258 0.500261 0.500265 0.500269 0.500273 0.500277 0.500280 
0.500284 0.500288 0.500292 0.500296 0.500300 0.500303 0.500307 0.500311 
0.500315 0.500319 0.500322 0.500326 0.500330 0.500334 0.500338 0.500341 
0.500345 0.500349 0.500353 0.500357 0.500361 0.500364 0.500368 0.500372 
0.500376 0.500380 0.500383 0.500387 0.500391 0.500395 0.500399 0.500403 
0.500406 0.500410 0.500414 0.500418 0.500422 0.500425 0.500429 0.500433 
0.500437 0.500441 0.500445 0.500448 0.500452 0.500456 0.500460 0.500464 
0.500467 0.500471 0.500475 0.500479 0.500483 0.500486 0.500490 0.500494 
0.500498 0.500502 0.500506 0.500509 0.500513 0.500517 0.500521 0.500525 
0.500528 0.500532 0.500536 0.500540 0.500544 0.500548 0.500551 0.500555 
0.500559 0.500563 0.500567 0.500570 0.500574 0.500578 0.500582 0.500586 
0.500590 0.500593 0.500597 0.500601 0.500605 0.500609 0.500612 0.500616 
0.500620 0.500624 0.500628 0.500632 0.500635 0.500639 0.500643 0.500647 
0.500651 0.500654 0.500658 0.500662 0.500666 0.500670 0.500674 0.500677 
0.500681 0.500685 0.500689 0.500693 0.500696 0.500700 0.500704 0.500708 
0.500712 0.500715 0.500719 0.500723 0.500727 0.500731 0.500735 0.500738 
0.500742 0.500746 0.500750 0.500754 0.500758 0.500761 0.500765 0.500769 
0.500773 0.500777 0.500780 0.500784 0.500788 0.500792 0.500796 0.500799 
0.500803 0.500807 0.500811 0.500815 0.500819 0.500822 0.500826 0.500830 
0.500834 0.500838 0.500841 0.500845 0.500849 0.500853 0.500857 0.500861 
0.500864 0.500868 0.500872 0.500876 0.500880 0.500884 0.500887 0.500891 
0.500895 0.500899 0.500903 0.500906 0.500910 0.500914 0.500918 0.500922 
0.500925 0.500929 0.500933 0.500937 0.500941 0.500945 0.500948 0.500952 
0.500956 0.500960 0.500964 0.500968 0.500971 0.000000 0.250012 0.250020 
0.250028 0.250035 0.250043 0.250051 0.250058 0.250066 0.250073 0.250081 
0.250089 0.250096 0.250104 0.250112 0.250119 0.250127 0.250134 0.250142 
0.250150 0.250157 0.250165 0.250173 0.250180 0.250188 0.250196 0.250203 
0.250211 0.250218 0.250226 0.250234 0.250241 0.250249 0.250257 0.250264 
0.250272 0.250280 0.250287 0.250295 0.250302 0.250310 0.250318 0.250325 
0.250333 0.250341 0.250348 0.250356 0.250363 0.250371 0.250379 0.250386 
0.250394 0.250402 0.250409 0.250417 0.250425 0.250432 0.250440 0.250448 
0.250455 0.250463 0.250470 0.250478 0.250486 0.250493 0.250501 0.250509 
0.250516 0.250524 0.250532 0.250539 0.250547 0.250555 0.250562 0.250570 
0.250577 0.250585 0.250593 0.250600 0.250608 0.250616 0.250623 0.250631 
0.250639 0.250646 0.250654 0.250661 0.250669 0.250677 0.250684 0.250692 
0.250700 0.250707 0.250715 0.250723 0.250730 0.250738 0.250746 0.250753 
0.250761 0.250768 0.250776 0.250784 0.250791 0.250799 0.250807 0.250814 
0.250822 0.250830 0.250837 0.250845 0.250853 0.250860 0.250868 0.250875 
0.250883 0.250891 0.250898 0.250906 0.250914 0.250921 0.250929 0.250937 
0.250944 0.250952 0.250960 0.250967 0.000000 0.125025 0.125041 0.125056 
0.125071 0.125086 0.125102 0.125117 0.125132 0.125147 0.125163 0.125178 
0.125193 0.125208 0.125224 0.125239 0.125254 0.125270 0.125285 0.125300 
0.125316 0.125331 0.125346 0.125361 0.125377 0.125392 0.125407 0.125422 
0.125438 0.125453 0.125468 0.125484 0.125499 0.125514 0.125530 0.125545 
0.125560 0.125576 0.125591 0.125606 0.125621 0.125637 0.125652 0.125667 
0.125683 0.125698 0.125713 0.125729 0.125744 0.125759 0.125775 0.125790 
0.125805 0.125820 0.125836 0.125851 0.125866 0.125882 0.125897 0.125913 
0.125928 0.125943 0.125958 0.000000 0.062551 0.062581 0.062612 0.062642 
0.062673 0.062704 0.062734 0.062765 0.062795 0.062826 0.062857 0.062887 
0.062918 0.062949 0.062979 0.063010 0.063041 0.063071 0.063102 0.063133 
0.063163 0.063194 0.063225 0.063256 0.063286 0.063317 0.063348 0.063379 
0.063410 0.063440 0.000000 0.031352 0.031413 0.031474 0.031536 0.031597 
0.031659 0.031720 0.031782 0.031844 0.031906 0.031968 0.032030 0.032092 
0.032154 0.000000 0.015830 0.015953 0.016077 0.016202 0.016327 0.016453 
0.000000 0.008227 0.008483 0.000000 0.000000 0.000000 0.000000 0.000000 
0.000000 0.000000 0.000000 0.000000 0.000000 0.000000 0.000000  
 D 

0.000000 0.000000 0.000000 0.000000 0.000000 0.000000 0.000000 0.000000 
0.000000 0.000000 0.000000 0.000000 0.000000 0.000000 0.000000 0.000000 
0.000000 0.000000 0.000000 0.000000 0.000000 0.000000 0.000000 0.000000 
0.000000 0.000000 0.000000 0.000000 0.000000 0.000000 0.000000 0.000000 
0.000000 0.000001 0.000001 0.000001 0.000001 0.000001 0.000001 0.000001 
0.000001 0.000001 0.000001 0.000001 0.000001 0.000001 0.000001 0.000001 
0.000001 0.000001 0.000001 0.000001 0.000001 0.000001 0.000001 0.000001 
0.000001 0.000001 0.000001 0.000001 0.000001 0.000001 0.000001 0.000001 
0.000001 0.000001 0.000001 0.000001 0.000001 0.000001 0.000001 0.000001 
0.000001 0.000001 0.000001 0.000001 0.000001 0.000001 0.000001 0.000001 
0.000001 0.000001 0.000001 0.000001 0.000001 0.000001 0.000001 0.000001 
0.000001 0.000001 0.000001 0.000001 0.000001 0.000001 0.000001 0.000001 
0.000001 0.000001 0.000001 0.000001 0.000002 0.000002 0.000002 0.000002 
0.000002 0.000002 0.000002 0.000002 0.000002 0.000002 0.000002 0.000002 
0.000002 0.000002 0.000002 0.000002 0.000002 0.000002 0.000002 0.000002 
0.000002 0.000002 0.000002 0.000002 0.000002 0.000002 0.000002 0.000002 
0.000002 0.000002 0.000002 0.000002 0.000002 0.000002 0.000002 0.000002 
0.000002 0.000002 0.000002 0.000002 0.000002 0.000002 0.000002 0.000002 
0.000002 0.000002 0.000002 0.000002 0.000002 0.000002 0.000002 0.000002 
0.000002 0.000002 0.000002 0.000002 0.000002 0.000002 0.000002 0.000002 
0.000002 0.000002 0.000002 0.000002 0.000002 0.000002 0.000002 0.000003 
0.000003 0.000003 0.000003 0.000003 0.000003 0.000003 0.000003 0.000003 
0.000003 0.000003 0.000003 0.000003 0.000003 0.000003 0.000003 0.000003 
0.000003 0.000003 0.000003 0.000003 0.000003 0.000003 0.000003 0.000003 
0.000003 0.000003 0.000003 0.000003 0.000003 0.000003 0.000003 0.000003 
0.000003 0.000003 0.000003 0.000003 0.000003 0.000003 0.000003 0.000003 
0.000003 0.000003 0.000003 0.000003 0.000003 0.000003 0.000003 0.000003 
0.000003 0.000003 0.000003 0.000003 0.000003 0.000003 0.000003 0.000003 
0.000003 0.000003 0.000003 0.000003 0.000003 0.000003 0.000003 0.000003 
0.000003 0.000003 0.000004 0.000004 0.000004 0.000004 0.000004 0.000004 
0.000004 0.000004 0.000004 0.000004 0.000004 0.000004 0.000004 0.000004 
0.000004 0.000004 0.000004 0.000004 0.000004 0.000004 0.000004 0.000004 
0.000004 0.000004 0.000004 0.000004 0.000004 0.000004 0.000004 0.000004 
0.000004 0.000004 0.000004 0.000004 0.000004 0.000004 0.000004 0.000004 
0.000004 0.000004 0.000004 0.000004 0.000004 0.000004 0.000004 0.000004 
0.000004 0.000004 0.000004 0.000004 0.000004 0.000004 0.000004 0.000004 
0.000004 0.000004 0.000004 0.000004 0.000004 0.000004 0.000004 0.000004 
0.000004 0.000004 0.000004 0.000004 0.000004 0.000005 0.000005 0.000005 
0.000005 0.000005 0.000005 0.000005 0.000005 0.000005 0.000005 0.000005 
0.000005 0.000005 0.000005 0.000005 0.000005 0.000005 0.000005 0.000005 
0.000005 0.000005 0.000005 0.000005 0.000005 0.000005 0.000005 0.000005 
0.000005 0.000005 0.000005 0.000005 0.000005 0.000005 0.000005 0.000005 
0.000005 0.000005 0.000005 0.000005 0.000005 0.000005 0.000005 0.000005 
0.000005 0.000005 0.000005 0.000005 0.000005 0.000005 0.000005 0.000005 
0.000005 0.000005 0.000005 0.000005 0.000005 0.000005 0.000005 0.000005 
0.000005 0.000005 0.000005 0.000005 0.000005 0.000005 0.000005 0.000005 
0.000005 0.000006 0.000006 0.000006 0.000006 0.000006 0.000006 0.000006 
0.000006 0.000006 0.000006 0.000006 0.000006 0.000006 0.000006 0.000006 
0.000006 0.000006 0.000006 0.000006 0.000006 0.000006 0.000006 0.000006 
0.000006 0.000006 0.000006 0.000006 0.000006 0.000006 0.000006 0.000006 
0.000006 0.000006 0.000006 0.000006 0.000006 0.000006 0.000006 0.000006 
0.000006 0.000006 0.000006 0.000006 0.000006 0.000006 0.000006 0.000006 
0.000006 0.000006 0.000006 0.000006 0.000006 0.000006 0.000006 0.000006 
0.000006 0.000006 0.000006 0.000006 0.000006 0.000006 0.000006 0.000006 
0.000006 0.000006 0.000006 0.000006 0.000007 0.000007 0.000007 0.000007 
0.000007 0.000007 0.000007 0.000007 0.000007 0.000007 0.000007 0.000007 
0.000007 0.000007 0.000007 0.000007 0.000007 0.000007 0.000007 0.000007 
0.000007 0.000007 0.000007 0.000007 0.000007 0.000007 0.000007 0.000007 
0.000007 0.000007 0.000007 0.000007 0.000007 0.000007 0.000007 0.000007 
0.000007 0.000007 0.000007 0.000007 0.000007 0.000007 0.000007 0.000007 
0.000007 0.000007 0.000007 0.000007 0.000007 0.000007 0.000007 0.000007 
0.000007 0.000007 0.000007 0.000007 0.000007 0.000007 0.000007 0.000007 
0.000007 0.000007 0.000007 0.000007 0.000007 0.000007 0.000007 0.000008 
0.000008 0.000008 0.000008 0.000008 0.000008 0.000008 -0.999979 0.000000 
0.000000 0.000000 0.000000 0.000000 0.000000 0.000000 0.000000 0.000001 
0.000001 0.000001 0.000001 0.000001 0.000001 0.000001 0.000001 0.000001 
0.000001 0.000001 0.000001 0.000001 0.000001 0.000001 0.000001 0.000001 
0.000002 0.000002 0.000002 0.000002 0.000002 0.000002 0.000002 0.000002 
0.000002 0.000002 0.000002 0.000002 0.000002 0.000002 0.000002 0.000002 
0.000003 0.000003 0.000003 0.000003 0.000003 0.000003 0.000003 0.000003 
0.000003 0.000003 0.000003 0.000003 0.000003 0.000003 0.000003 0.000003 
0.000003 0.000004 0.000004 0.000004 0.000004 0.000004 0.000004 0.000004 
0.000004 0.000004 0.000004 0.000004 0.000004 0.000004 0.000004 0.000004 
0.000004 0.000004 0.000005 0.000005 0.000005 0.000005 0.000005 0.000005 
0.000005 0.000005 0.000005 0.000005 0.000005 0.000005 0.000005 0.000005 
0.000005 0.000005 0.000005 0.000006 0.000006 0.000006 0.000006 0.000006 
0.000006 0.000006 0.000006 0.000006 0.000006 0.000006 0.000006 0.000006 
0.000006 0.000006 0.000006 0.000006 0.000007 0.000007 0.000007 0.000007 
0.000007 0.000007 0.000007 0.000007 0.000007 0.000007 0.000007 0.000007 
0.000007 0.000007 0.000007 0.000007 0.000008 0.000008 0.000008 0.000008 
0.000008 0.000008 0.000008 0.000008 0.000008 0.000008 0.000008 0.000008 
0.000008 0.000008 0.000008 0.000008 0.000008 0.000009 0.000009 0.000009 
0.000009 0.000009 0.000009 0.000009 0.000009 0.000009 0.000009 0.000009 
0.000009 0.000009 0.000009 0.000009 0.000009 0.000009 0.000010 0.000010 
0.000010 0.000010 0.000010 0.000010 0.000010 0.000010 0.000010 0.000010 
0.000010 0.000010 0.000010 0.000010 0.000010 0.000010 0.000010 0.000011 
0.000011 0.000011 0.000011 0.000011 0.000011 0.000011 0.000011 0.000011 
0.000011 0.000011 0.000011 0.000011 0.000011 0.000011 0.000011 0.000012 
0.000012 0.000012 0.000012 0.000012 0.000012 0.000012 0.000012 0.000012 
0.000012 0.000012 0.000012 0.000012 0.000012 0.000012 0.000012 0.000012 
0.000013 0.000013 0.000013 0.000013 0.000013 0.000013 0.000013 0.000013 
0.000013 0.000013 0.000013 0.000013 0.000013 0.000013 0.000013 0.000013 
0.000013 0.000014 0.000014 0.000014 0.000014 0.000014 0.000014 0.000014 
0.000014 0.000014 0.000014 0.000014 0.000014 0.000014 0.000014 0.000014 
0.000014 0.000014 0.000015 0.000015 0.000015 0.000015 0.000015 0.000015 
0.000015 0.000015 0.000015 0.000015 0.000015 -0.500465 0.000000 0.000000 
0.000001 0.000001 0.000001 0.000001 0.000002 0.000002 0.000002 0.000002 
0.000003 0.000003 0.000003 0.000003 0.000004 0.000004 0.000004 0.000004 
0.000005 0.000005 0.000005 0.000005 0.000005 0.000006 0.000006 0.000006 
0.000006 0.000007 0.000007 0.000007 0.000007 0.000008 0.000008 0.000008 
0.000008 0.000009 0.000009 0.000009 0.000009 0.000010 0.000010 0.000010 
0.000010 0.000010 0.000011 0.000011 0.000011 0.000011 0.000012 0.000012 
0.000012 0.000012 0.000013 0.000013 0.000013 0.000013 0.000014 0.000014 
0.000014 0.000014 0.000015 0.000015 0.000015 0.000015 0.000015 0.000016 
0.000016 0.000016 0.000016 0.000017 0.000017 0.000017 0.000017 0.000018 
0.000018 0.000018 0.000018 0.000019 0.000019 0.000019 0.000019 0.000020 
0.000020 0.000020 0.000020 0.000021 0.000021 0.000021 0.000021 0.000021 
0.000022 0.000022 0.000022 0.000022 0.000023 0.000023 0.000023 0.000023 
0.000024 0.000024 0.000024 0.000024 0.000025 0.000025 0.000025 0.000025 
0.000026 0.000026 0.000026 0.000026 0.000026 0.000027 0.000027 0.000027 
0.000027 0.000028 0.000028 0.000028 0.000028 0.000029 0.000029 0.000029 
0.000029 0.000030 0.000030 0.000030 -0.250697 0.000001 0.000002 0.000003 
0.000004 0.000005 0.000006 0.000007 0.000008 0.000009 0.000010 0.000010 
0.000011 0.000012 0.000013 0.000014 0.000015 0.000016 0.000017 0.000018 
0.000019 0.000020 0.000021 0.000022 0.000023 0.000024 0.000025 0.000026 
0.000027 0.000028 0.000029 0.000030 0.000031 0.000031 0.000032 0.000033 
0.000034 0.000035 0.000036 0.000037 0.000038 0.000039 0.000040 0.000041 
0.000042 0.000043 0.000044 0.000045 0.000046 0.000047 0.000048 0.000049 
0.000050 0.000051 0.000052 0.000052 0.000053 0.000054 0.000055 0.000056 
0.000057 0.000058 0.000059 -0.125789 0.000004 0.000008 0.000011 0.000015 
0.000019 0.000023 0.000027 0.000031 0.000034 0.000038 0.000042 0.000046 
0.000050 0.000053 0.000057 0.000061 0.000065 0.000069 0.000072 0.000076 
0.000080 0.000084 0.000088 0.000092 0.000095 0.000099 0.000103 0.000107 
0.000111 0.000114 -0.063290 0.000015 0.000031 0.000046 0.000061 0.000076 
0.000092 0.000107 0.000122 0.000137 0.000153 0.000168 0.000183 0.000198 
0.000214 -0.031955 0.000061 0.000122 0.000184 0.000245 0.000306 0.000367 
-0.016135 0.000247 0.000493 -0.007995 -0.003760 0.000000 0.000000 0.000000 
0.000000 0.000000 0.000000 0.000000 0.000000 0.000000 0.000000 
 the following are the solutions.
0.000000 0.001951 0.003902 0.005853 0.007804 0.009755 0.011706 0.013657 
0.015608 0.017559 0.019510 0.021462 0.023413 0.025364 0.027315 0.029266 
0.031217 0.033168 0.035119 0.037070 0.039021 0.040972 0.042923 0.044874 
0.046825 0.048776 0.050727 0.052678 0.054629 0.056580 0.058531 0.060483 
0.062434 0.064385 0.066336 0.068287 0.070238 0.072189 0.074140 0.076091 
0.078042 0.079993 0.081944 0.083895 0.085846 0.087797 0.089748 0.091699 
0.093650 0.095602 0.097553 0.099504 0.101455 0.103406 0.105357 0.107308 
0.109259 0.111210 0.113161 0.115112 0.117063 0.119014 0.120965 0.122916 
0.124868 0.126819 0.128770 0.130721 0.132672 0.134623 0.136574 0.138525 
0.140476 0.142427 0.144378 0.146329 0.148280 0.150232 0.152183 0.154134 
0.156085 0.158036 0.159987 0.161938 0.163889 0.165840 0.167791 0.169742 
0.171693 0.173644 0.175596 0.177547 0.179498 0.181449 0.183400 0.185351 
0.187302 0.189253 0.191204 0.193155 0.195106 0.197057 0.199008 0.200960 
0.202911 0.204862 0.206813 0.208764 0.210715 0.212666 0.214617 0.216568 
0.218519 0.220470 0.222421 0.224372 0.226323 0.228274 0.230225 0.232176 
0.234127 0.236078 0.238029 0.239980 0.241931 0.243882 0.245833 0.247784 
0.249735 0.251686 0.253637 0.255588 0.257539 0.259490 0.261441 0.263392 
0.265343 0.267294 0.269245 0.271196 0.273147 0.275098 0.277049 0.279000 
0.280951 0.282902 0.284853 0.286804 0.288755 0.290706 0.292657 0.294608 
0.296558 0.298509 0.300460 0.302411 0.304362 0.306313 0.308264 0.310215 
0.312166 0.314117 0.316067 0.318018 0.319969 0.321920 0.323871 0.325822 
0.327772 0.329723 0.331674 0.333625 0.335576 0.337526 0.339477 0.341428 
0.343379 0.345329 0.347280 0.349231 0.351181 0.353132 0.355083 0.357033 
0.358984 0.360935 0.362885 0.364836 0.366787 0.368737 0.370688 0.372639 
0.374590 0.376540 0.378491 0.380442 0.382393 0.384344 0.386294 0.388245 
0.390196 0.392147 0.394098 0.396049 0.398000 0.399951 0.401901 0.403852 
0.405803 0.407754 0.409705 0.411656 0.413607 0.415558 0.417509 0.419460 
0.421411 0.423362 0.425313 0.427264 0.429215 0.431166 0.433117 0.435068 
0.437019 0.438970 0.440921 0.442872 0.444823 0.446774 0.448725 0.450676 
0.452628 0.454579 0.456530 0.458481 0.460432 0.462383 0.464334 0.466285 
0.468237 0.470188 0.472139 0.474090 0.476041 0.477992 0.479944 0.481895 
0.483846 0.485797 0.487748 0.489700 0.491651 0.493602 0.495553 0.497505 
0.499456 0.501407 0.503358 0.505310 0.507261 0.509212 0.511163 0.513115 
0.515066 0.517017 0.518969 0.520920 0.522871 0.524822 0.526774 0.528725 
0.530676 0.532628 0.534579 0.536530 0.538481 0.540433 0.542384 0.544335 
0.546287 0.548238 0.550189 0.552140 0.554091 0.556043 0.557994 0.559945 
0.561896 0.563847 0.565799 0.567750 0.569701 0.571652 0.573603 0.575554 
0.577506 0.579457 0.581408 0.583359 0.585310 0.587261 0.589212 0.591163 
0.593114 0.595066 0.597017 0.598968 0.600919 0.602870 0.604821 0.606771 
0.608722 0.610673 0.612624 0.614575 0.616526 0.618477 0.620428 0.622379 
0.624330 0.626280 0.628231 0.630182 0.632133 0.634085 0.636036 0.637987 
0.639938 0.641889 0.643840 0.645791 0.647742 0.649693 0.651645 0.653596 
0.655547 0.657498 0.659449 0.661400 0.663352 0.665303 0.667254 0.669206 
0.671157 0.673108 0.675060 0.677011 0.678962 0.680914 0.682865 0.684817 
0.686768 0.688719 0.690671 0.692622 0.694574 0.696525 0.698477 0.700428 
0.702380 0.704332 0.706283 0.708235 0.710186 0.712138 0.714089 0.716041 
0.717992 0.719944 0.721895 0.723847 0.725798 0.727750 0.729702 0.731653 
0.733605 0.735556 0.737508 0.739459 0.741411 0.743362 0.745314 0.747265 
0.749217 0.751168 0.753119 0.755071 0.757022 0.758974 0.760925 0.762877 
0.764828 0.766779 0.768731 0.770682 0.772633 0.774585 0.776536 0.778487 
0.780438 0.782390 0.784341 0.786292 0.788243 0.790194 0.792145 0.794096 
0.796048 0.797999 0.799950 0.801901 0.803852 0.805804 0.807755 0.809706 
0.811658 0.813609 0.815560 0.817512 0.819463 0.821414 0.823366 0.825317 
0.827269 0.829220 0.831172 0.833123 0.835075 0.837026 0.838978 0.840929 
0.842881 0.844833 0.846784 0.848736 0.850688 0.852639 0.854591 0.856543 
0.858494 0.860446 0.862398 0.864350 0.866301 0.868253 0.870205 0.872157 
0.874108 0.876060 0.878012 0.879964 0.881915 0.883867 0.885819 0.887771 
0.889722 0.891674 0.893626 0.895577 0.897529 0.899481 0.901433 0.903384 
0.905336 0.907287 0.909239 0.911191 0.913142 0.915094 0.917045 0.918997 
0.920948 0.922900 0.924851 0.926803 0.928754 0.930706 0.932657 0.934608 
0.936560 0.938511 0.940462 0.942414 0.944365 0.946317 0.948268 0.950220 
0.952171 0.954123 0.956075 0.958026 0.959978 0.961929 0.963881 0.965833 
0.967784 0.969736 0.971688 0.973639 0.975591 0.977543 0.979495 0.981446 
0.983398 0.985350 0.987302 0.989254 0.991205 0.993157 0.995109 0.997061 
0.000000 
 time used to calculate this is :0.164575 seconds 
