The following are w value from recursvie doubling: 

-0.500031 -0.666735 -0.750107 -0.800146 -0.833520 -0.857369 -0.875267 -0.889196 -0.900348 -0.909479 -0.917096 -0.923546 -0.929080 -0.933884 -0.938092 -0.941808 
-0.945117 -0.948084 -0.950754 -0.953176 -0.955379 -0.957394 -0.959248 -0.960955 -0.962533 -0.963998 -0.965356 -0.966638 -0.967827 -0.968939 -0.969989 -0.970978 
-0.971908 -0.972786 -0.973624 -0.974411 -0.975155 -0.975873 -0.976560 -0.977210 -0.977835 -0.978422 -0.978987 -0.979543 -0.980057 -0.980555 -0.981045 -0.981501 
-0.981948 -0.982386 -0.982795 -0.983200 -0.983596 -0.983971 -0.984329 -0.984693 -0.985023 -0.985356 -0.985703 -0.985995 -0.986295 -0.986602 -0.986878 -0.987163 
-0.987442 -0.987694 -0.987966 -0.988190 -0.988443 -0.988695 -0.988918 -0.989149 -0.989368 -0.989591 -0.989787 -0.990006 -0.990215 -0.990410 -0.990627 -0.990804 
-0.990994 -0.991158 -0.991354 -0.991513 -0.991715 -0.991886 -0.992029 -0.992234 -0.992387 -0.992522 -0.992711 -0.992821 -0.993013 -0.993109 -0.993261 -0.993425 
-0.993580 -0.993718 -0.993880 -0.993966 -0.994097 -0.994256 -0.994388 -0.994487 -0.994648 -0.994764 -0.994855 -0.994947 -0.995130 -0.995229 -0.995380 -0.995503 
-0.995585 -0.995697 -0.995786 -0.995895 -0.995985 -0.996081 -0.996239 -0.996332 -0.996457 -0.996491 -0.996601 -0.996704 -0.996829 -0.996844 
[0] -0.000000 [1] -0.000002 [2] -0.000003 [3] -0.000006 [4] -0.000009 [5] -0.000012 [6] -0.000017 [7] -0.000022 [8] -0.000027 [9] -0.000033 [10] -0.000040 [11] -0.000048 [12] -0.000056 [13] -0.000064 [14] -0.000074 [15] -0.000084 
[16] -0.000094 [17] -0.000106 [18] -0.000118 [19] -0.000130 [20] -0.000143 [21] -0.000157 [22] -0.000172 [23] -0.000187 [24] -0.000202 [25] -0.000219 [26] -0.000235 [27] -0.000253 [28] -0.000271 [29] -0.000290 [30] -0.000309 [31] -0.000329 
[32] -0.000350 [33] -0.000371 [34] -0.000393 [35] -0.000416 [36] -0.000439 [37] -0.000463 [38] -0.000487 [39] -0.000512 [40] -0.000538 [41] -0.000564 [42] -0.000591 [43] -0.000618 [44] -0.000646 [45] -0.000675 [46] -0.000704 [47] -0.000734 
[48] -0.000764 [49] -0.000795 [50] -0.000827 [51] -0.000859 [52] -0.000892 [53] -0.000925 [54] -0.000959 [55] -0.000994 [56] -0.001029 [57] -0.001065 [58] -0.001101 [59] -0.001138 [60] -0.001175 [61] -0.001214 [62] -0.001252 [63] -0.001291 
[64] -0.001331 [65] -0.001372 [66] -0.001413 [67] -0.001454 [68] -0.001496 [69] -0.001539 [70] -0.001582 [71] -0.001626 [72] -0.001670 [73] -0.001715 [74] -0.001760 [75] -0.001806 [76] -0.001853 [77] -0.001900 [78] -0.001947 [79] -0.001995 
[80] -0.002044 [81] -0.002093 [82] -0.002143 [83] -0.002193 [84] -0.002244 [85] -0.002295 [86] -0.002347 [87] -0.002399 [88] -0.002452 [89] -0.002505 [90] -0.002559 [91] -0.002613 [92] -0.002668 [93] -0.002724 [94] -0.002779 [95] -0.002836 
[96] -0.002892 [97] -0.002950 [98] -0.003007 [99] -0.003066 [100] -0.003124 [101] -0.003183 [102] -0.003243 [103] -0.003303 [104] -0.003364 [105] -0.003425 [106] -0.003486 [107] -0.003548 [108] -0.003610 [109] -0.003673 [110] -0.003736 [111] -0.003800 
[112] -0.003864 [113] -0.003929 [114] -0.003994 [115] -0.004059 [116] -0.004125 [117] -0.004191 [118] -0.004258 [119] -0.004325 [120] -0.004392 [121] -0.004460 [122] -0.004528 [123] -0.004596 [124] -0.004665 [125] -0.004735 [126] 0.988073 The following is the result for x finally! 

0.007886 0.015772 0.023658 0.031543 0.039429 0.047315 0.055201 0.063086 0.070972 0.078857 0.086743 0.094628 0.102513 0.110399 0.118284 0.126168 
0.134053 0.141937 0.149821 0.157705 0.165589 0.173473 0.181357 0.189241 0.197124 0.205007 0.212890 0.220774 0.228655 0.236537 0.244418 0.252299 
0.260180 0.268060 0.275941 0.283820 0.291700 0.299582 0.307463 0.315341 0.323219 0.331096 0.338974 0.346853 0.354727 0.362605 0.370483 0.378359 
0.386237 0.394116 0.401992 0.409871 0.417747 0.425621 0.433495 0.441371 0.449241 0.457116 0.464990 0.472852 0.480722 0.488594 0.496459 0.504329 
0.512196 0.520058 0.527927 0.535787 0.543661 0.551530 0.559392 0.567258 0.575122 0.582987 0.590847 0.598716 0.606577 0.614432 0.622288 0.630127 
0.637973 0.645814 0.653664 0.661500 0.669344 0.677164 0.684979 0.692804 0.700
